<?xml version="1.0" encoding="UTF-8"?>
<testng-results ignored="0" total="1" passed="1" failed="0" skipped="0">
  <reporter-output>
  </reporter-output>
  <suite started-at="2024-06-18T09:14:10 PDT" name="Default suite" finished-at="2024-06-18T09:14:21 PDT" duration-ms="10649">
    <groups>
    </groups>
    <test started-at="2024-06-18T09:14:10 PDT" name="Default test" finished-at="2024-06-18T09:14:21 PDT" duration-ms="10649">
      <class name="sampleTests.SampleTest">
        <test-method signature="setUp()[pri:0, instance:sampleTests.SampleTest@5e0e82ae]" started-at="2024-06-18T09:14:10 PDT" name="setUp" finished-at="2024-06-18T09:14:21 PDT" duration-ms="10576" status="PASS">
          <reporter-output>
          </reporter-output>
        </test-method> <!-- setUp -->
      </class> <!-- sampleTests.SampleTest -->
    </test> <!-- Default test -->
  </suite> <!-- Default suite -->
</testng-results>
